# JRE version: OpenJDK Runtime Environment (8.0_144-b01) (build 1.8.0_144-b01)
# Java VM: OpenJDK 64-Bit Server VM (25.144-b01 mixed mode linux-amd64 compressed oops)
Heap:
 PSYoungGen      total 118272K, used 9699K [0x00000000dc580000, 0x00000000e4480000, 0x0000000100000000)
  eden space 108544K, 0% used [0x00000000dc580000,0x00000000dc580000,0x00000000e2f80000)
  from space 9728K, 99% used [0x00000000e2f80000,0x00000000e38f8e70,0x00000000e3900000)
  to   space 7680K, 0% used [0x00000000e3900000,0x00000000e3900000,0x00000000e4080000)
 ParOldGen       total 73728K, used 12594K [0x0000000095000000, 0x0000000099800000, 0x00000000dc580000)
  object space 73728K, 17% used [0x0000000095000000,0x0000000095c4c9f0,0x0000000099800000)
 Metaspace       used 15678K, capacity 18055K, committed 18176K, reserved 1062912K
  class space    used 3787K, capacity 4567K, committed 4608K, reserved 1048576K
GC Heap History (10 events):
Event: 2.964 GC heap after
Heap after GC invocations=2 (full 0):
 PSYoungGen      total 32256K, used 4590K [0x00000000dc580000, 0x00000000de980000, 0x0000000100000000)
  eden space 27648K, 0% used [0x00000000dc580000,0x00000000dc580000,0x00000000de080000)
  from space 4608K, 99% used [0x00000000de500000,0x00000000de97bb48,0x00000000de980000)
  to   space 4608K, 0% used [0x00000000de080000,0x00000000de080000,0x00000000de500000)
 ParOldGen       total 73728K, used 1220K [0x0000000095000000, 0x0000000099800000, 0x00000000dc580000)
  object space 73728K, 1% used [0x0000000095000000,0x00000000951310f8,0x0000000099800000)
 Metaspace       used 10245K, capacity 10985K, committed 11136K, reserved 1058816K
  class space    used 2079K, capacity 2126K, committed 2176K, reserved 1048576K
}
Event: 3.203 GC heap before
{Heap before GC invocations=3 (full 0):
 PSYoungGen      total 32256K, used 32238K [0x00000000dc580000, 0x00000000de980000, 0x0000000100000000)
  eden space 27648K, 100% used [0x00000000dc580000,0x00000000de080000,0x00000000de080000)
  from space 4608K, 99% used [0x00000000de500000,0x00000000de97bb48,0x00000000de980000)
  to   space 4608K, 0% used [0x00000000de080000,0x00000000de080000,0x00000000de500000)
 ParOldGen       total 73728K, used 1220K [0x0000000095000000, 0x0000000099800000, 0x00000000dc580000)
  object space 73728K, 1% used [0x0000000095000000,0x00000000951310f8,0x0000000099800000)
 Metaspace       used 11310K, capacity 12425K, committed 12672K, reserved 1058816K
  class space    used 2424K, capacity 2658K, committed 2688K, reserved 1048576K
Event: 3.209 GC heap after
Heap after GC invocations=3 (full 0):
 PSYoungGen      total 32256K, used 4352K [0x00000000dc580000, 0x00000000e0480000, 0x0000000100000000)
  eden space 27648K, 0% used [0x00000000dc580000,0x00000000dc580000,0x00000000de080000)
  from space 4608K, 94% used [0x00000000de080000,0x00000000de4c02f8,0x00000000de500000)
  to   space 4608K, 0% used [0x00000000e0000000,0x00000000e0000000,0x00000000e0480000)
 ParOldGen       total 73728K, used 1228K [0x0000000095000000, 0x0000000099800000, 0x00000000dc580000)
  object space 73728K, 1% used [0x0000000095000000,0x00000000951330f8,0x0000000099800000)
 Metaspace       used 11310K, capacity 12425K, committed 12672K, reserved 1058816K
  class space    used 2424K, capacity 2658K, committed 2688K, reserved 1048576K
}
Event: 3.402 GC heap before
{Heap before GC invocations=4 (full 0):
 PSYoungGen      total 32256K, used 32000K [0x00000000dc580000, 0x00000000e0480000, 0x0000000100000000)
  eden space 27648K, 100% used [0x00000000dc580000,0x00000000de080000,0x00000000de080000)
  from space 4608K, 94% used [0x00000000de080000,0x00000000de4c02f8,0x00000000de500000)
  to   space 4608K, 0% used [0x00000000e0000000,0x00000000e0000000,0x00000000e0480000)
 ParOldGen       total 73728K, used 1228K [0x0000000095000000, 0x0000000099800000, 0x00000000dc580000)
  object space 73728K, 1% used [0x0000000095000000,0x00000000951330f8,0x0000000099800000)
 Metaspace       used 12390K, capacity 13595K, committed 13824K, reserved 1060864K
  class space    used 2723K, capacity 3055K, committed 3072K, reserved 1048576K
Event: 3.414 GC heap after
Heap after GC invocations=4 (full 0):
 PSYoungGen      total 59904K, used 4576K [0x00000000dc580000, 0x00000000e0480000, 0x0000000100000000)
  eden space 55296K, 0% used [0x00000000dc580000,0x00000000dc580000,0x00000000dfb80000)
  from space 4608K, 99% used [0x00000000e0000000,0x00000000e0478040,0x00000000e0480000)
  to   space 4608K, 0% used [0x00000000dfb80000,0x00000000dfb80000,0x00000000e0000000)
 ParOldGen       total 73728K, used 1703K [0x0000000095000000, 0x0000000099800000, 0x00000000dc580000)
  object space 73728K, 2% used [0x0000000095000000,0x00000000951a9d48,0x0000000099800000)
 Metaspace       used 12390K, capacity 13595K, committed 13824K, reserved 1060864K
  class space    used 2723K, capacity 3055K, committed 3072K, reserved 1048576K
}
Event: 3.719 GC heap before
{Heap before GC invocations=5 (full 0):
 PSYoungGen      total 59904K, used 59872K [0x00000000dc580000, 0x00000000e0480000, 0x0000000100000000)
  eden space 55296K, 100% used [0x00000000dc580000,0x00000000dfb80000,0x00000000dfb80000)
  from space 4608K, 99% used [0x00000000e0000000,0x00000000e0478040,0x00000000e0480000)
  to   space 4608K, 0% used [0x00000000dfb80000,0x00000000dfb80000,0x00000000e0000000)
 ParOldGen       total 73728K, used 1703K [0x0000000095000000, 0x0000000099800000, 0x00000000dc580000)
  object space 73728K, 2% used [0x0000000095000000,0x00000000951a9d48,0x0000000099800000)
 Metaspace       used 14498K, capacity 16229K, committed 16512K, reserved 1062912K
  class space    used 3326K, capacity 3885K, committed 3968K, reserved 1048576K
Event: 3.737 GC heap after
Heap after GC invocations=5 (full 0):
 PSYoungGen      total 59904K, used 4592K [0x00000000dc580000, 0x00000000e4080000, 0x0000000100000000)
  eden space 55296K, 0% used [0x00000000dc580000,0x00000000dc580000,0x00000000dfb80000)
  from space 4608K, 99% used [0x00000000dfb80000,0x00000000dfffc030,0x00000000e0000000)
  to   space 7680K, 0% used [0x00000000e3900000,0x00000000e3900000,0x00000000e4080000)
 ParOldGen       total 73728K, used 5348K [0x0000000095000000, 0x0000000099800000, 0x00000000dc580000)
  object space 73728K, 7% used [0x0000000095000000,0x0000000095539278,0x0000000099800000)
 Metaspace       used 14498K, capacity 16229K, committed 16512K, reserved 1062912K
  class space    used 3326K, capacity 3885K, committed 3968K, reserved 1048576K
}
Event: 3.795 GC heap before
{Heap before GC invocations=6 (full 0):
 PSYoungGen      total 59904K, used 59888K [0x00000000dc580000, 0x00000000e4080000, 0x0000000100000000)
  eden space 55296K, 100% used [0x00000000dc580000,0x00000000dfb80000,0x00000000dfb80000)
  from space 4608K, 99% used [0x00000000dfb80000,0x00000000dfffc030,0x00000000e0000000)
  to   space 7680K, 0% used [0x00000000e3900000,0x00000000e3900000,0x00000000e4080000)
 ParOldGen       total 73728K, used 5348K [0x0000000095000000, 0x0000000099800000, 0x00000000dc580000)
  object space 73728K, 7% used [0x0000000095000000,0x0000000095539278,0x0000000099800000)
 Metaspace       used 14625K, capacity 16427K, committed 16512K, reserved 1062912K
  class space    used 3378K, capacity 3959K, committed 3968K, reserved 1048576K
Event: 3.808 GC heap after
Heap after GC invocations=6 (full 0):
 PSYoungGen      total 116224K, used 7664K [0x00000000dc580000, 0x00000000e4480000, 0x0000000100000000)
  eden space 108544K, 0% used [0x00000000dc580000,0x00000000dc580000,0x00000000e2f80000)
  from space 7680K, 99% used [0x00000000e3900000,0x00000000e407c050,0x00000000e4080000)
  to   space 9728K, 0% used [0x00000000e2f80000,0x00000000e2f80000,0x00000000e3900000)
 ParOldGen       total 73728K, used 7372K [0x0000000095000000, 0x0000000099800000, 0x00000000dc580000)
  object space 73728K, 9% used [0x0000000095000000,0x0000000095733278,0x0000000099800000)
 Metaspace       used 14625K, capacity 16427K, committed 16512K, reserved 1062912K
  class space    used 3378K, capacity 3959K, committed 3968K, reserved 1048576K
}
Event: 4.228 GC heap before
{Heap before GC invocations=7 (full 0):
 PSYoungGen      total 116224K, used 116208K [0x00000000dc580000, 0x00000000e4480000, 0x0000000100000000)
  eden space 108544K, 100% used [0x00000000dc580000,0x00000000e2f80000,0x00000000e2f80000)
  from space 7680K, 99% used [0x00000000e3900000,0x00000000e407c050,0x00000000e4080000)
  to   space 9728K, 0% used [0x00000000e2f80000,0x00000000e2f80000,0x00000000e3900000)
 ParOldGen       total 73728K, used 7372K [0x0000000095000000, 0x0000000099800000, 0x00000000dc580000)
  object space 73728K, 9% used [0x0000000095000000,0x0000000095733278,0x0000000099800000)
 Metaspace       used 15678K, capacity 18055K, committed 18176K, reserved 1062912K
  class space    used 3787K, capacity 4567K, committed 4608K, reserved 1048576K

